

Working Directory = /home/phillda/Documents/dallas/syn
QoS Summary for TMULT
================================================================================
Metric                          syn_gen         syn_map         syn_opt        
================================================================================
Slack (ps):                     4,752           4,736           4,736
  R2R (ps):                  no_value        no_value        no_value
  I2R (ps):                     5,896           5,692           5,692
  R2O (ps):                     4,752           4,736           4,736
  I2O (ps):                  no_value        no_value        no_value
  CG  (ps):                  no_value        no_value        no_value
TNS (ps):                           0               0               0
  R2R (ps):                  no_value        no_value        no_value
  I2R (ps):                         0               0               0
  R2O (ps):                         0               0               0
  I2O (ps):                  no_value        no_value        no_value
  CG  (ps):                  no_value        no_value        no_value
Failing Paths:                      0               0               0
Cell Area:                     60,753          60,952          60,952
Total Cell Area:               60,753          60,952          60,952
Leaf Instances:                   135              67              67
Total Instances:                  135              67              67
Utilization (%):                 0.00            0.00            0.00
Tot. Net Length (um):        no_value        no_value        no_value
Avg. Net Length (um):        no_value        no_value        no_value
Route Overflow H (%):        no_value        no_value        no_value
Route Overflow V (%):        no_value        no_value        no_value
MBCI(%) (bits/gate) :            0.00            0.00            0.00
Norm Cong Hotspot Area:
  Max Cong:                  no_value        no_value        no_value
  Tot Cong:                  no_value        no_value        no_value
================================================================================
CPU  Runtime (h:m:s):        00:00:05        00:00:01        00:00:00
Real Runtime (h:m:s):        00:00:05        00:00:02        00:00:00
CPU  Elapsed (h:m:s):        00:00:07        00:00:08        00:00:08
Real Elapsed (h:m:s):        00:00:05        00:00:07        00:00:07
Memory (MB):                   819.61          821.25          821.25
================================================================================
================================================================================
Flow Settings:
================================================================================
Total Runtime (h:m:s): 00:00:07
Total Memory (MB):     821.25
Executable Version:    18.10-p003_1
================================================================================
Total Cell Area =  Cell Area + Physical Cell Area
Total Instances =  Leaf Instances + Physical Instances


