============================================================
  Generated by:           Genus(TM) Synthesis Solution 18.10-p003_1
  Generated on:           Nov 15 2020  04:41:35 pm
  Module:                 TMULT
  Technology libraries:   scadv10_cln65gp_rvt_tt_1p0v_25c 1.0
                          tphn65gpgv2od3_sltc 210a
                          physical_cells 
  Operating conditions:   tt_1p0v_25c 
  Interconnect mode:      global
  Area mode:              physical library
============================================================

Timing
--------

Clock Period 
-------------
X_CLK 7143.0 


  Cost    Critical         Violating 
 Group   Path Slack  TNS     Paths   
-------------------------------------
default      4752.1   0.0          0 
-------------------------------------
Total                 0.0          0 

Instance Count
--------------
Leaf Instance Count             135 
Physical Instance count           0 
Sequential Instance Count         8 
Combinational Instance Count    127 
Hierarchical Instance Count       0 

Area
----
Cell Area                          61329.830
Physical Cell Area                 0.000
Total Cell Area (Cell+Physical)    61329.830
Net Area                           8.538
Total Area (Cell+Physical+Net)     61338.368

Runtime                            0.0 seconds
Elapsed Runtime                    8 seconds
Genus peak memory usage            819.61 
Innovus peak memory usage          no_value 
Hostname                           eecs-810rds-14
