============================================================
  Generated by:           Genus(TM) Synthesis Solution 18.10-p003_1
  Generated on:           Nov 15 2020  04:41:35 pm
  Module:                 TMULT
  Technology libraries:   scadv10_cln65gp_rvt_tt_1p0v_25c 1.0
                          tphn65gpgv2od3_sltc 210a
                          physical_cells 
  Operating conditions:   tt_1p0v_25c 
  Interconnect mode:      global
  Area mode:              physical library
============================================================

                                      Leakage  
     Gate      Instances    Area    Power (nW)               Library              
----------------------------------------------------------------------------------
PDDW04DGZ_G           18  60750.000   7229.148    tphn65gpgv2od3_sltc             
TIEHIX1MA10TR          1      1.600      3.932    scadv10_cln65gp_rvt_tt_1p0v_25c 
TIELOX1MA10TR          1      1.600      4.573    scadv10_cln65gp_rvt_tt_1p0v_25c 
----------------------------------------------------------------------------------
total                 20  60753.200   7237.653                                    


                                                                  Leakage  Leakage 
            Library             Instances Instances %    Area   Power (nW) Power % 
-----------------------------------------------------------------------------------
scadv10_cln65gp_rvt_tt_1p0v_25c         2        10.0     3.200      8.505     0.1 
tphn65gpgv2od3_sltc                    18        90.0 60750.000   7229.148    99.9 

                                            Leakage  Leakage 
     Type      Instances    Area   Area % Power (nW) Power % 
-------------------------------------------------------------
timing_model          18 60750.000  100.0   7229.148    89.9 
sequential             8     0.000    0.0    468.894     5.8 
logic                109     3.200    0.0    344.383     4.3 
physical_cells         0     0.000    0.0      0.000     0.0 
-------------------------------------------------------------
total                135 60753.200  100.0   8042.426   100.0 

