============================================================
  Generated by:           Genus(TM) Synthesis Solution 18.10-p003_1
  Generated on:           Nov 15 2020  04:41:37 pm
  Module:                 TMULT
  Technology libraries:   scadv10_cln65gp_rvt_tt_1p0v_25c 1.0
                          tphn65gpgv2od3_sltc 210a
                          physical_cells 
  Operating conditions:   tt_1p0v_25c 
  Interconnect mode:      global
  Area mode:              physical library
============================================================

Timing
--------

Clock Period 
-------------
X_CLK 7143.0 


  Cost    Critical         Violating 
 Group   Path Slack  TNS     Paths   
-------------------------------------
default      4736.2   0.0          0 
-------------------------------------
Total                 0.0          0 

Instance Count
--------------
Leaf Instance Count             67 
Physical Instance count          0 
Sequential Instance Count        8 
Combinational Instance Count    59 
Hierarchical Instance Count      0 

Area
----
Cell Area                          60952.000
Physical Cell Area                 0.000
Total Cell Area (Cell+Physical)    60952.000
Net Area                           92.738
Total Area (Cell+Physical+Net)     61044.738

Runtime                            0.0 seconds
Elapsed Runtime                    10 seconds
Genus peak memory usage            821.25 
Innovus peak memory usage          no_value 
Hostname                           eecs-810rds-14
